<?xml version="1.0" encoding="UTF-8"?>
<!-- Generated by org.testng.reporters.JUnitXMLReporter -->
<testsuite hostname="ATMECSINLT-087" ignored="0" name="Default test" tests="3" failures="0" timestamp="2019-08-29T19:57:13 IST" time="38.168" errors="0">
  <testcase name="loginPageTest" time="28.503" classname="com.atmecs.booikng.testscripts.LoginPageTest"/>
  <testcase name="flightDetails" time="6.842" classname="com.atmecs.booikng.testscripts.LoginPageTest"/>
  <testcase name="selectFlight" time="2.758" classname="com.atmecs.booikng.testscripts.LoginPageTest"/>
</testsuite> <!-- Default test -->
