<?xml version="1.0" encoding="UTF-8"?>
<testng-results skipped="0" failed="1" ignored="3" total="7" passed="3">
  <reporter-output>
  </reporter-output>
  <suite name="Suite" duration-ms="48506" started-at="2019-08-30T12:13:36Z" finished-at="2019-08-30T12:14:25Z">
    <groups>
    </groups>
    <test name="Test" duration-ms="48506" started-at="2019-08-30T12:13:36Z" finished-at="2019-08-30T12:14:25Z">
      <class name="com.atmecs.booikng.testscripts.ChooseFlight">
        <test-method status="PASS" signature="flightDetails()[pri:2, instance:com.atmecs.booikng.testscripts.ChooseFlight@3e6fa38a]" name="flightDetails" duration-ms="7995" started-at="2019-08-30T12:14:06Z" finished-at="2019-08-30T12:14:14Z">
          <reporter-output>
          </reporter-output>
        </test-method> <!-- flightDetails -->
      </class> <!-- com.atmecs.booikng.testscripts.ChooseFlight -->
      <class name="com.atmecs.booikng.testscripts.SelectFlightPageTest">
        <test-method status="PASS" signature="selectFlight()[pri:3, instance:com.atmecs.booikng.testscripts.SelectFlightPageTest@66a3ffec]" name="selectFlight" duration-ms="3109" started-at="2019-08-30T12:14:14Z" finished-at="2019-08-30T12:14:17Z">
          <reporter-output>
          </reporter-output>
        </test-method> <!-- selectFlight -->
      </class> <!-- com.atmecs.booikng.testscripts.SelectFlightPageTest -->
      <class name="com.atmecs.booikng.testscripts.Flight_Book">
        <test-method status="FAIL" signature="bookFlight()[pri:4, instance:com.atmecs.booikng.testscripts.Flight_Book@77caeb3e]" name="bookFlight" duration-ms="7497" started-at="2019-08-30T12:14:17Z" finished-at="2019-08-30T12:14:25Z">
          <exception class="org.openqa.selenium.InvalidSelectorException">
            <message>
              <![CDATA[invalid selector: Unable to locate an element with the xpath expression //input[@name='billAddress1 because of the following error:
SyntaxError: Failed to execute 'evaluate' on 'Document': The string '//input[@name='billAddress1' is not a valid XPath expression.
  (Session info: chrome=76.0.3809.132)
For documentation on this error, please visit: https://www.seleniumhq.org/exceptions/invalid_selector_exception.html
Build info: version: '3.141.59', revision: 'e82be7d358', time: '2018-11-14T08:17:03'
System info: host: 'ATMECSINLT-087', ip: '55.55.52.236', os.name: 'Windows 10', os.arch: 'amd64', os.version: '10.0', java.version: '1.8.0_221'
Driver info: org.openqa.selenium.chrome.ChromeDriver
Capabilities {acceptInsecureCerts: false, browserName: chrome, browserVersion: 76.0.3809.132, chrome: {chromedriverVersion: 76.0.3809.126 (d80a294506b4..., userDataDir: C:\Users\ARJUN~1.SAN\AppDat...}, goog:chromeOptions: {debuggerAddress: localhost:56960}, javascriptEnabled: true, networkConnectionEnabled: false, pageLoadStrategy: normal, platform: XP, platformName: XP, proxy: Proxy(), setWindowRect: true, strictFileInteractability: false, timeouts: {implicit: 0, pageLoad: 300000, script: 30000}, unhandledPromptBehavior: dismiss and notify}
Session ID: 6e7c8414f6711ddaf230b236695c659a
*** Element info: {Using=xpath, value=//input[@name='billAddress1}]]>
            </message>
            <full-stacktrace>
              <![CDATA[org.openqa.selenium.InvalidSelectorException: invalid selector: Unable to locate an element with the xpath expression //input[@name='billAddress1 because of the following error:
SyntaxError: Failed to execute 'evaluate' on 'Document': The string '//input[@name='billAddress1' is not a valid XPath expression.
  (Session info: chrome=76.0.3809.132)
For documentation on this error, please visit: https://www.seleniumhq.org/exceptions/invalid_selector_exception.html
Build info: version: '3.141.59', revision: 'e82be7d358', time: '2018-11-14T08:17:03'
System info: host: 'ATMECSINLT-087', ip: '55.55.52.236', os.name: 'Windows 10', os.arch: 'amd64', os.version: '10.0', java.version: '1.8.0_221'
Driver info: org.openqa.selenium.chrome.ChromeDriver
Capabilities {acceptInsecureCerts: false, browserName: chrome, browserVersion: 76.0.3809.132, chrome: {chromedriverVersion: 76.0.3809.126 (d80a294506b4..., userDataDir: C:\Users\ARJUN~1.SAN\AppDat...}, goog:chromeOptions: {debuggerAddress: localhost:56960}, javascriptEnabled: true, networkConnectionEnabled: false, pageLoadStrategy: normal, platform: XP, platformName: XP, proxy: Proxy(), setWindowRect: true, strictFileInteractability: false, timeouts: {implicit: 0, pageLoad: 300000, script: 30000}, unhandledPromptBehavior: dismiss and notify}
Session ID: 6e7c8414f6711ddaf230b236695c659a
*** Element info: {Using=xpath, value=//input[@name='billAddress1}
at sun.reflect.NativeConstructorAccessorImpl.newInstance0(Native Method)
at sun.reflect.NativeConstructorAccessorImpl.newInstance(NativeConstructorAccessorImpl.java:62)
at sun.reflect.DelegatingConstructorAccessorImpl.newInstance(DelegatingConstructorAccessorImpl.java:45)
at java.lang.reflect.Constructor.newInstance(Constructor.java:423)
at org.openqa.selenium.remote.http.W3CHttpResponseCodec.createException(W3CHttpResponseCodec.java:187)
at org.openqa.selenium.remote.http.W3CHttpResponseCodec.decode(W3CHttpResponseCodec.java:122)
at org.openqa.selenium.remote.http.W3CHttpResponseCodec.decode(W3CHttpResponseCodec.java:49)
at org.openqa.selenium.remote.HttpCommandExecutor.execute(HttpCommandExecutor.java:158)
at org.openqa.selenium.remote.service.DriverCommandExecutor.execute(DriverCommandExecutor.java:83)
at org.openqa.selenium.remote.RemoteWebDriver.execute(RemoteWebDriver.java:552)
at org.openqa.selenium.remote.RemoteWebDriver.findElement(RemoteWebDriver.java:323)
at org.openqa.selenium.remote.RemoteWebDriver.findElementByXPath(RemoteWebDriver.java:428)
at org.openqa.selenium.By$ByXPath.findElement(By.java:353)
at org.openqa.selenium.remote.RemoteWebDriver.findElement(RemoteWebDriver.java:315)
at com.atmecs.booikng.testscripts.Flight_Book.bookFlight(Flight_Book.java:49)
at sun.reflect.NativeMethodAccessorImpl.invoke0(Native Method)
at sun.reflect.NativeMethodAccessorImpl.invoke(NativeMethodAccessorImpl.java:62)
at sun.reflect.DelegatingMethodAccessorImpl.invoke(DelegatingMethodAccessorImpl.java:43)
at java.lang.reflect.Method.invoke(Method.java:498)
at org.testng.internal.MethodInvocationHelper.invokeMethod(MethodInvocationHelper.java:124)
at org.testng.internal.Invoker.invokeMethod(Invoker.java:583)
at org.testng.internal.Invoker.invokeTestMethod(Invoker.java:719)
at org.testng.internal.Invoker.invokeTestMethods(Invoker.java:989)
at org.testng.internal.TestMethodWorker.invokeTestMethods(TestMethodWorker.java:125)
at org.testng.internal.TestMethodWorker.run(TestMethodWorker.java:109)
at org.testng.TestRunner.privateRun(TestRunner.java:648)
at org.testng.TestRunner.run(TestRunner.java:505)
at org.testng.SuiteRunner.runTest(SuiteRunner.java:455)
at org.testng.SuiteRunner.runSequentially(SuiteRunner.java:450)
at org.testng.SuiteRunner.privateRun(SuiteRunner.java:415)
at org.testng.SuiteRunner.run(SuiteRunner.java:364)
at org.testng.SuiteRunnerWorker.runSuite(SuiteRunnerWorker.java:52)
at org.testng.SuiteRunnerWorker.run(SuiteRunnerWorker.java:84)
at org.testng.TestNG.runSuitesSequentially(TestNG.java:1208)
at org.testng.TestNG.runSuitesLocally(TestNG.java:1137)
at org.testng.TestNG.runSuites(TestNG.java:1049)
at org.testng.TestNG.run(TestNG.java:1017)
at org.testng.remote.AbstractRemoteTestNG.run(AbstractRemoteTestNG.java:115)
at org.testng.remote.RemoteTestNG.initAndRun(RemoteTestNG.java:251)
at org.testng.remote.RemoteTestNG.main(RemoteTestNG.java:77)
]]>
            </full-stacktrace>
          </exception> <!-- org.openqa.selenium.InvalidSelectorException -->
          <reporter-output>
          </reporter-output>
        </test-method> <!-- bookFlight -->
      </class> <!-- com.atmecs.booikng.testscripts.Flight_Book -->
      <class name="com.atmecs.booikng.testscripts.LoginPageTest">
        <test-method status="PASS" signature="browserSetup()[pri:0, instance:com.atmecs.booikng.testscripts.LoginPageTest@47c62251]" name="browserSetup" is-config="true" duration-ms="9606" started-at="2019-08-30T12:13:26Z" finished-at="2019-08-30T12:13:36Z">
          <reporter-output>
          </reporter-output>
        </test-method> <!-- browserSetup -->
        <test-method status="PASS" signature="loginPageTest()[pri:1, instance:com.atmecs.booikng.testscripts.LoginPageTest@47c62251]" name="loginPageTest" duration-ms="29828" started-at="2019-08-30T12:13:36Z" finished-at="2019-08-30T12:14:06Z">
          <reporter-output>
          </reporter-output>
        </test-method> <!-- loginPageTest -->
        <test-method status="PASS" signature="endTest()[pri:0, instance:com.atmecs.booikng.testscripts.LoginPageTest@47c62251]" name="endTest" is-config="true" duration-ms="727" started-at="2019-08-30T12:14:25Z" finished-at="2019-08-30T12:14:25Z">
          <reporter-output>
          </reporter-output>
        </test-method> <!-- endTest -->
      </class> <!-- com.atmecs.booikng.testscripts.LoginPageTest -->
    </test> <!-- Test -->
  </suite> <!-- Suite -->
</testng-results>
