<?xml version="1.0" encoding="UTF-8"?>
<testng-results skipped="0" failed="0" ignored="0" total="3" passed="3">
  <reporter-output>
  </reporter-output>
  <suite name="Default suite" duration-ms="38168" started-at="2019-08-29T19:56:35 IST" finished-at="2019-08-29T19:57:13 IST">
    <groups>
    </groups>
    <test name="Default test" duration-ms="38168" started-at="2019-08-29T19:56:35 IST" finished-at="2019-08-29T19:57:13 IST">
      <class name="com.atmecs.booikng.testscripts.LoginPageTest">
        <test-method status="PASS" signature="browserSetup()[pri:0, instance:com.atmecs.booikng.testscripts.LoginPageTest@5c5a1b69]" name="browserSetup" is-config="true" duration-ms="7103" started-at="2019-08-29T19:56:28 IST" finished-at="2019-08-29T19:56:35 IST">
          <reporter-output>
          </reporter-output>
        </test-method> <!-- browserSetup -->
        <test-method status="PASS" signature="loginPageTest()[pri:1, instance:com.atmecs.booikng.testscripts.LoginPageTest@5c5a1b69]" name="loginPageTest" duration-ms="28503" started-at="2019-08-29T19:56:35 IST" finished-at="2019-08-29T19:57:04 IST">
          <reporter-output>
          </reporter-output>
        </test-method> <!-- loginPageTest -->
        <test-method status="PASS" signature="flightDetails()[pri:2, instance:com.atmecs.booikng.testscripts.LoginPageTest@5c5a1b69]" name="flightDetails" duration-ms="6842" started-at="2019-08-29T19:57:04 IST" finished-at="2019-08-29T19:57:11 IST">
          <reporter-output>
          </reporter-output>
        </test-method> <!-- flightDetails -->
        <test-method status="PASS" signature="selectFlight()[pri:3, instance:com.atmecs.booikng.testscripts.LoginPageTest@5c5a1b69]" name="selectFlight" duration-ms="2758" started-at="2019-08-29T19:57:11 IST" finished-at="2019-08-29T19:57:13 IST">
          <reporter-output>
          </reporter-output>
        </test-method> <!-- selectFlight -->
      </class> <!-- com.atmecs.booikng.testscripts.LoginPageTest -->
    </test> <!-- Default test -->
  </suite> <!-- Default suite -->
</testng-results>
