<?xml version="1.0" encoding="UTF-8"?>
<testng-results skipped="0" failed="0" ignored="0" total="3" passed="3">
  <reporter-output>
  </reporter-output>
  <suite name="Default suite" duration-ms="23798" started-at="2019-09-04T12:56:59Z" finished-at="2019-09-04T12:57:23Z">
    <groups>
    </groups>
    <test name="Default test" duration-ms="23798" started-at="2019-09-04T12:56:59Z" finished-at="2019-09-04T12:57:23Z">
      <class name="com.atmecs.makemytripautomation.testscripts.Book_OneWay_Ticket">
        <test-method status="PASS" signature="intitailizeBrowser()[pri:0, instance:com.atmecs.makemytripautomation.testscripts.Book_OneWay_Ticket@14bf9759]" name="intitailizeBrowser" is-config="true" duration-ms="16570" started-at="2019-09-04T12:56:43Z" finished-at="2019-09-04T12:56:59Z">
          <reporter-output>
          </reporter-output>
        </test-method> <!-- intitailizeBrowser -->
        <test-method status="PASS" signature="homePage(java.lang.String, java.lang.String)[pri:1, instance:com.atmecs.makemytripautomation.testscripts.Book_OneWay_Ticket@14bf9759]" name="homePage" duration-ms="9201" started-at="2019-09-04T12:57:01Z" data-provider="cityinput" finished-at="2019-09-04T12:57:10Z">
          <params>
            <param index="0">
              <value>
                <![CDATA[hyderabad]]>
              </value>
            </param>
            <param index="1">
              <value>
                <![CDATA[kolkata]]>
              </value>
            </param>
          </params>
          <reporter-output>
          </reporter-output>
        </test-method> <!-- homePage -->
        <test-method status="PASS" signature="selectFlightAndReview()[pri:2, instance:com.atmecs.makemytripautomation.testscripts.Book_OneWay_Ticket@14bf9759]" name="selectFlightAndReview" duration-ms="7391" started-at="2019-09-04T12:57:10Z" finished-at="2019-09-04T12:57:17Z">
          <reporter-output>
          </reporter-output>
        </test-method> <!-- selectFlightAndReview -->
        <test-method status="PASS" signature="travellersDetails(java.lang.String, java.lang.String, java.lang.String, java.lang.String, java.lang.String, java.lang.String)[pri:3, instance:com.atmecs.makemytripautomation.testscripts.Book_OneWay_Ticket@14bf9759]" name="travellersDetails" duration-ms="5694" started-at="2019-09-04T12:57:17Z" data-provider="testinput" finished-at="2019-09-04T12:57:23Z">
          <params>
            <param index="0">
              <value>
                <![CDATA[SAURABH]]>
              </value>
            </param>
            <param index="1">
              <value>
                <![CDATA[CHAUHAN]]>
              </value>
            </param>
            <param index="2">
              <value>
                <![CDATA[Arjun]]>
              </value>
            </param>
            <param index="3">
              <value>
                <![CDATA[santra]]>
              </value>
            </param>
            <param index="4">
              <value>
                <![CDATA[9179149897]]>
              </value>
            </param>
            <param index="5">
              <value>
                <![CDATA[chauhaninfj@gmail.com]]>
              </value>
            </param>
          </params>
          <reporter-output>
          </reporter-output>
        </test-method> <!-- travellersDetails -->
      </class> <!-- com.atmecs.makemytripautomation.testscripts.Book_OneWay_Ticket -->
    </test> <!-- Default test -->
  </suite> <!-- Default suite -->
</testng-results>
